<?xml version="1.0" encoding="UTF-8"?>
<testsuite name="com.ldts.frogger.model.PositionTest" tests="4" skipped="0" failures="0" errors="0" timestamp="2022-11-23T17:37:02" hostname="HPLINUX" time="0.367">
  <properties/>
  <testcase name="getDown" classname="com.ldts.frogger.model.PositionTest" time="0.205"/>
  <testcase name="getLeft" classname="com.ldts.frogger.model.PositionTest" time="0.067"/>
  <testcase name="getUp" classname="com.ldts.frogger.model.PositionTest" time="0.047"/>
  <testcase name="getRight" classname="com.ldts.frogger.model.PositionTest" time="0.048"/>
  <system-out><![CDATA[timestamp = 2022-11-23T17:37:02.544696665, PositionTest:getDown = 
                              |-------------------jqwik-------------------
tries = 1000                  | # of calls to property
checks = 1000                 | # of not rejected calls
generation = RANDOMIZED       | parameters are randomly generated
after-failure = PREVIOUS_SEED | use the previous seed
when-fixed-seed = ALLOW       | fixing the random seed is allowed
edge-cases#mode = MIXIN       | edge cases are mixed in
edge-cases#total = 81         | # of all combined edge cases
edge-cases#tried = 70         | # of edge cases tried in current run
seed = -4086637203566252494   | random seed to reproduce generated values


timestamp = 2022-11-23T17:37:02.617577153, PositionTest:getLeft = 
                              |-------------------jqwik-------------------
tries = 1000                  | # of calls to property
checks = 1000                 | # of not rejected calls
generation = RANDOMIZED       | parameters are randomly generated
after-failure = PREVIOUS_SEED | use the previous seed
when-fixed-seed = ALLOW       | fixing the random seed is allowed
edge-cases#mode = MIXIN       | edge cases are mixed in
edge-cases#total = 81         | # of all combined edge cases
edge-cases#tried = 77         | # of edge cases tried in current run
seed = 2545106623882230513    | random seed to reproduce generated values


timestamp = 2022-11-23T17:37:02.664676995, PositionTest:getUp = 
                              |-------------------jqwik-------------------
tries = 1000                  | # of calls to property
checks = 1000                 | # of not rejected calls
generation = RANDOMIZED       | parameters are randomly generated
after-failure = PREVIOUS_SEED | use the previous seed
when-fixed-seed = ALLOW       | fixing the random seed is allowed
edge-cases#mode = MIXIN       | edge cases are mixed in
edge-cases#total = 81         | # of all combined edge cases
edge-cases#tried = 79         | # of edge cases tried in current run
seed = -5458102939204262739   | random seed to reproduce generated values


timestamp = 2022-11-23T17:37:02.713496365, PositionTest:getRight = 
                              |-------------------jqwik-------------------
tries = 1000                  | # of calls to property
checks = 1000                 | # of not rejected calls
generation = RANDOMIZED       | parameters are randomly generated
after-failure = PREVIOUS_SEED | use the previous seed
when-fixed-seed = ALLOW       | fixing the random seed is allowed
edge-cases#mode = MIXIN       | edge cases are mixed in
edge-cases#total = 81         | # of all combined edge cases
edge-cases#tried = 74         | # of edge cases tried in current run
seed = -8036072846093830641   | random seed to reproduce generated values


]]></system-out>
  <system-err><![CDATA[]]></system-err>
</testsuite>
